c:\users\dekkoh\documents\tcc\dynamixelsdk\c++\example\protocol2.0\myproject\myproject\x64\release\vc141.pdb
c:\users\dekkoh\documents\tcc\dynamixelsdk\c++\example\protocol2.0\myproject\myproject\x64\release\tccfrm.obj
c:\users\dekkoh\documents\tcc\dynamixelsdk\c++\example\protocol2.0\myproject\myproject\x64\release\allvalues.obj
c:\users\dekkoh\documents\tcc\dynamixelsdk\c++\example\protocol2.0\myproject\myproject\x64\release\myprojectapp.obj
c:\users\dekkoh\documents\tcc\dynamixelsdk\c++\example\protocol2.0\myproject\myproject\x64\release\motorcontroller.obj
c:\users\dekkoh\documents\tcc\dynamixelsdk\c++\example\protocol2.0\myproject\myproject\x64\release\win.obj
c:\users\dekkoh\documents\tcc\dynamixelsdk\c++\example\protocol2.0\myproject\myproject\x64\release\serial.obj
c:\users\dekkoh\documents\tcc\dynamixelsdk\c++\example\protocol2.0\myproject\myproject\x64\release\registers.obj
c:\users\dekkoh\documents\tcc\dynamixelsdk\c++\example\protocol2.0\myproject\myproject\x64\release\imu.obj
c:\users\dekkoh\documents\tcc\dynamixelsdk\c++\example\protocol2.0\myproject\myproject\x64\release\comms.obj
c:\users\dekkoh\documents\tcc\dynamixelsdk\c++\example\protocol2.0\myproject\myproject\x64\release\allsensor.obj
c:\users\dekkoh\documents\tcc\dynamixelsdk\c++\example\protocol2.0\myproject\myproject\x64\release\allmovements.obj
c:\users\dekkoh\documents\tcc\dynamixelsdk\c++\example\protocol2.0\myproject\x64\release\myproject.ipdb
c:\users\dekkoh\documents\tcc\dynamixelsdk\c++\example\protocol2.0\myproject\x64\release\myproject.iobj
c:\users\dekkoh\documents\tcc\dynamixelsdk\c++\example\protocol2.0\myproject\myproject\x64\release\vcpkg.applocal.log
c:\users\dekkoh\documents\tcc\dynamixelsdk\c++\example\protocol2.0\myproject\x64\release\myproject.pdb
c:\users\dekkoh\documents\tcc\dynamixelsdk\c++\example\protocol2.0\myproject\myproject\x64\release\myproject.tlog\cl.command.1.tlog
c:\users\dekkoh\documents\tcc\dynamixelsdk\c++\example\protocol2.0\myproject\myproject\x64\release\myproject.tlog\cl.read.1.tlog
c:\users\dekkoh\documents\tcc\dynamixelsdk\c++\example\protocol2.0\myproject\myproject\x64\release\myproject.tlog\cl.write.1.tlog
c:\users\dekkoh\documents\tcc\dynamixelsdk\c++\example\protocol2.0\myproject\myproject\x64\release\myproject.tlog\link.command.1.tlog
c:\users\dekkoh\documents\tcc\dynamixelsdk\c++\example\protocol2.0\myproject\myproject\x64\release\myproject.tlog\link.read.1.tlog
c:\users\dekkoh\documents\tcc\dynamixelsdk\c++\example\protocol2.0\myproject\myproject\x64\release\myproject.tlog\link.write.1.tlog
c:\users\dekkoh\documents\tcc\dynamixelsdk\c++\example\protocol2.0\myproject\myproject\x64\release\myproject.tlog\myproject.write.1u.tlog
